<?xml version="1.0" encoding="UTF-8" ?>
<testsuite errors="0" failures="0" hostname="localhost.localdomain" name="SampleTest" tests="1" time="0.091" timestamp="2013-02-06T21:54:36">
  <properties>
    <property name="file.encoding.pkg" value="sun.io"></property>
    <property name="ivy.retrieve.pattern.ivy.instance" value="/home/cloudera/skyqu/MapReduce-assignments/assignment2/lib/[artifact]-[revision](-[classifier]).[ext]"></property>
    <property name="java.vendor.url.ivy.instance" value="http://java.sun.com/"></property>
    <property name="ivy.project.dir.ivy.instance" value="/home/cloudera/skyqu/MapReduce-assignments/assignment2"></property>
    <property name="ivy.resolve.default.type.filter" value="*"></property>
    <property name="java.home" value="/usr/java/jdk1.6.0_31/jre"></property>
    <property name="ivy.configurations.ivy.instance" value="*"></property>
    <property name="ivy.basedir.ivy.instance" value="/home/cloudera/skyqu/MapReduce-assignments/assignment2"></property>
    <property name="ivy.dep.file.ivy.instance" value="ivy.xml"></property>
    <property name="java.endorsed.dirs" value="/usr/java/jdk1.6.0_31/jre/lib/endorsed"></property>
    <property name="java.class.path.ivy.instance" value="/usr/share/java/ant.jar:/usr/share/java/ant-launcher.jar:/usr/share/java/jaxp_parser_impl.jar:/usr/share/java/xml-commons-apis.jar:/usr/share/java/antlr.jar:/usr/share/java/ant/ant-antlr.jar:/usr/share/java/bcel.jar:/usr/share/java/ant/ant-apache-bcel.jar:/usr/share/java/bsf.jar:/usr/share/java/ant/ant-apache-bsf.jar:/usr/share/java/log4j.jar:/usr/share/java/ant/ant-apache-log4j.jar:/usr/share/java/oro.jar:/usr/share/java/ant/ant-apache-oro.jar:/usr/share/java/regexp.jar:/usr/share/java/ant/ant-apache-regexp.jar:/usr/share/java/xml-commons-resolver.jar:/usr/share/java/ant/ant-apache-resolver.jar:/usr/share/java/jakarta-commons-logging.jar:/usr/share/java/ant/ant-commons-logging.jar:/usr/share/java/jakarta-commons-net.jar:/usr/share/java/ant/ant-commons-net.jar:/usr/share/java/javamail.jar:/usr/share/java/jaf.jar:/usr/share/java/ant/ant-javamail.jar:/usr/share/java/jdepend.jar:/usr/share/java/ant/ant-jdepend.jar:/usr/share/java/jsch.jar:/usr/share/java/ant/ant-jsch.jar:/usr/share/java/junit.jar:/usr/share/java/ant/ant-junit.jar:/usr/share/java/ant/ant-nodeps.jar:/usr/share/java/ant/ant-swing.jar:/usr/share/java/jaxp_transform_impl.jar:/usr/share/java/ant/ant-trax.jar:/usr/share/java/xalan-j2-serializer.jar:/usr/java/jdk1.6.0_31/lib/tools.jar:/usr/share/ant/lib/ant-commons-logging.jar:/usr/share/ant/lib/ant-bootstrap.jar:/usr/share/ant/lib/ant-junit.jar:/usr/share/ant/lib/ant-trax.jar:/usr/share/ant/lib/ant-nodeps.jar:/usr/share/ant/lib/ant-jsch.jar:/usr/share/ant/lib/ant-swing.jar:/usr/share/ant/lib/ant-antlr.jar:/usr/share/ant/lib/ant-launcher.jar:/usr/share/ant/lib/ant-javamail.jar:/usr/share/ant/lib/ant-apache-regexp.jar:/usr/share/ant/lib/ant.jar:/usr/share/ant/lib/ant-apache-bcel.jar:/usr/share/ant/lib/ant-apache-oro.jar:/usr/share/ant/lib/ant-commons-net.jar:/usr/share/ant/lib/ant-jdepend.jar:/usr/share/ant/lib/ant-apache-log4j.jar:/usr/share/ant/lib/ant-apache-bsf.jar:/usr/share/ant/lib/ant-apache-resolver.jar"></property>
    <property name="ivy.home" value="/home/cloudera/.ivy2"></property>
    <property name="src.dir" value="src"></property>
    <property name="java.vm.specification.vendor.ivy.instance" value="Sun Microsystems Inc."></property>
    <property name="sun.os.patch.level" value="unknown"></property>
    <property name="ivy.dep.file" value="/home/cloudera/skyqu/MapReduce-assignments/assignment2/ivy/ivy.xml"></property>
    <property name="java.vendor.url" value="http://java.sun.com/"></property>
    <property name="ivy.lib.dir.ivy.instance" value="/home/cloudera/skyqu/MapReduce-assignments/assignment2/lib"></property>
    <property name="java.version" value="1.6.0_31"></property>
    <property name="ivy.conf.dir.ivy.instance" value="/home/cloudera/skyqu/MapReduce-assignments/assignment2/ivy"></property>
    <property name="sun.boot.library.path.ivy.instance" value="/usr/java/jdk1.6.0_31/jre/lib/amd64"></property>
    <property name="ivy.report.output.pattern.ivy.instance" value="[organisation]-[module]-[conf].[ext]"></property>
    <property name="ivy.module" value="mapreduce-assignment"></property>
    <property name="ivy.publish.src.artifacts.pattern.ivy.instance" value="/home/cloudera/skyqu/MapReduce-assignments/assignment2/distrib/[type]s/[artifact]-[revision](-[classifier]).[ext]"></property>
    <property name="java.vendor.url.bug" value="http://java.sun.com/cgi-bin/bugreport.cgi"></property>
    <property name="javadoc.dir" value="/home/cloudera/skyqu/MapReduce-assignments/assignment2/docs/api"></property>
    <property name="sun.management.compiler.ivy.instance" value="HotSpot 64-Bit Tiered Compilers"></property>
    <property name="os.name.ivy.instance" value="Linux"></property>
    <property name="ivy.default.ivy.user.dir.ivy.instance" value="/home/cloudera/.ivy2"></property>
    <property name="ivy.default.always.check.exact.revision" value="false"></property>
    <property name="ivy.default.settings.dir.ivy.instance" value="jar:file:/home/cloudera/skyqu/MapReduce-assignments/assignment2/ivy/ivy.jar!/org/apache/ivy/core/settings"></property>
    <property name="user.name" value="cloudera"></property>
    <property name="sun.io.unicode.encoding" value="UnicodeLittle"></property>
    <property name="sun.jnu.encoding" value="UTF-8"></property>
    <property name="java.runtime.name" value="Java(TM) SE Runtime Environment"></property>
    <property name="ant.home.ivy.instance" value="/usr/share/ant"></property>
    <property name="file.encoding.ivy.instance" value="UTF-8"></property>
    <property name="ivy.cache.ttl.default.ivy.instance" value="10s"></property>
    <property name="ivy.conf.file.ivy.instance" value="/home/cloudera/skyqu/MapReduce-assignments/assignment2/ivy/ivysettings.xml"></property>
    <property name="java.specification.vendor.ivy.instance" value="Sun Microsystems Inc."></property>
    <property name="java.vendor.ivy.instance" value="Sun Microsystems Inc."></property>
    <property name="lib.dir" value="lib"></property>
    <property name="sun.cpu.isalist.ivy.instance" value=""></property>
    <property name="java.specification.name" value="Java Platform API Specification"></property>
    <property name="user.timezone" value=""></property>
    <property name="java.endorsed.dirs.ivy.instance" value="/usr/java/jdk1.6.0_31/jre/lib/endorsed"></property>
    <property name="path.separator" value=":"></property>
    <property name="java.class.version.ivy.instance" value="50.0"></property>
    <property name="ivy.default.conf.dir" value="jar:file:/home/cloudera/skyqu/MapReduce-assignments/assignment2/ivy/ivy.jar!/org/apache/ivy/core/settings"></property>
    <property name="file.encoding" value="UTF-8"></property>
    <property name="java.runtime.name.ivy.instance" value="Java(TM) SE Runtime Environment"></property>
    <property name="ivy.resolve.default.type.filter.ivy.instance" value="*"></property>
    <property name="ivy.targets.copied" value="false"></property>
    <property name="sun.java.command" value="org.apache.tools.ant.taskdefs.optional.junit.JUnitTestRunner SampleTest filtertrace=true haltOnError=false haltOnFailure=false formatter=org.apache.tools.ant.taskdefs.optional.junit.SummaryJUnitResultFormatter showoutput=false outputtoformatters=true logtestlistenerevents=true formatter=org.apache.tools.ant.taskdefs.optional.junit.XMLJUnitResultFormatter,/home/cloudera/skyqu/MapReduce-assignments/assignment2/test/TEST-SampleTest.xml crashfile=/home/cloudera/skyqu/MapReduce-assignments/assignment2/junitvmwatcher5868524245213756280.properties propsfile=/home/cloudera/skyqu/MapReduce-assignments/assignment2/junit1666060127599859678.properties"></property>
    <property name="ant.file" value="/home/cloudera/skyqu/MapReduce-assignments/assignment2/build.xml"></property>
    <property name="ivy.distrib.dir.ivy.instance" value="/home/cloudera/skyqu/MapReduce-assignments/assignment2/distrib"></property>
    <property name="ivy.checksums.ivy.instance" value="sha1,md5"></property>
    <property name="sun.arch.data.model.ivy.instance" value="64"></property>
    <property name="ivy.build.artifacts.dir.ivy.instance" value="/home/cloudera/skyqu/MapReduce-assignments/assignment2/build/artifacts"></property>
    <property name="ivy.settings.file" value="/home/cloudera/skyqu/MapReduce-assignments/assignment2/ivy/ivysettings.xml"></property>
    <property name="java.io.tmpdir" value="/tmp"></property>
    <property name="ivy.buildlist.ivyfilepath.ivy.instance" value="ivy.xml"></property>
    <property name="TODAY" value="February 6 2013"></property>
    <property name="ivy.cache.ttl.default" value="10s"></property>
    <property name="user.language" value="en"></property>
    <property name="user.dir.ivy.instance" value="/home/cloudera/skyqu/MapReduce-assignments/assignment2"></property>
    <property name="ivy.home.ivy.instance" value="/home/cloudera/.ivy2"></property>
    <property name="line.separator" value="
"></property>
    <property name="java.specification.version.ivy.instance" value="1.6"></property>
    <property name="ivy.build.artifacts.dir" value="/home/cloudera/skyqu/MapReduce-assignments/assignment2/build/artifacts"></property>
    <property name="sun.io.unicode.encoding.ivy.instance" value="UnicodeLittle"></property>
    <property name="ivy.status" value="integration"></property>
    <property name="java.vm.info" value="mixed mode"></property>
    <property name="ivy.lib.dir" value="/home/cloudera/skyqu/MapReduce-assignments/assignment2/lib"></property>
    <property name="java.vm.specification.name" value="Java Virtual Machine Specification"></property>
    <property name="version" value="0.0.1"></property>
    <property name="ivy.default.conf.dir.ivy.instance" value="jar:file:/home/cloudera/skyqu/MapReduce-assignments/assignment2/ivy/ivy.jar!/org/apache/ivy/core/settings"></property>
    <property name="java.vm.version.ivy.instance" value="20.6-b01"></property>
    <property name="ivy.install.version" value="2.2.0"></property>
    <property name="artifactId" value="mapreduce-assignment"></property>
    <property name="user.name.ivy.instance" value="cloudera"></property>
    <property name="ivy.cache.dir" value="/home/cloudera/.ivy2/cache"></property>
    <property name="java.awt.printerjob" value="sun.print.PSPrinterJob"></property>
    <property name="java.io.tmpdir.ivy.instance" value="/tmp"></property>
    <property name="ant.version" value="Apache Ant version 1.7.1 compiled on August 24 2010"></property>
    <property name="java.home.ivy.instance" value="/usr/java/jdk1.6.0_31/jre"></property>
    <property name="java.vm.vendor.ivy.instance" value="Sun Microsystems Inc."></property>
    <property name="ivy.default.settings.dir" value="jar:file:/home/cloudera/skyqu/MapReduce-assignments/assignment2/ivy/ivy.jar!/org/apache/ivy/core/settings"></property>
    <property name="ivy.configurations" value="*"></property>
    <property name="ivy.settings.url" value="file:/home/cloudera/skyqu/MapReduce-assignments/assignment2/ivy/ivysettings.xml"></property>
    <property name="os.name" value="Linux"></property>
    <property name="java.specification.vendor" value="Sun Microsystems Inc."></property>
    <property name="sun.jnu.encoding.ivy.instance" value="UTF-8"></property>
    <property name="ivy.deliver.ivy.pattern.ivy.instance" value="/home/cloudera/skyqu/MapReduce-assignments/assignment2/distrib/[type]s/[artifact]-[revision](-[classifier]).[ext]"></property>
    <property name="ivy.checksums" value="sha1,md5"></property>
    <property name="java.vm.name" value="Java HotSpot(TM) 64-Bit Server VM"></property>
    <property name="ivy.jar.file" value="/home/cloudera/skyqu/MapReduce-assignments/assignment2/ivy/ivy.jar"></property>
    <property name="ivy.log.modules.in.use" value="false"></property>
    <property name="java.runtime.version.ivy.instance" value="1.6.0_31-b04"></property>
    <property name="ivy.report.output.pattern" value="[organisation]-[module]-[conf].[ext]"></property>
    <property name="ivy.version" value="2.2.0"></property>
    <property name="java.library.path" value="/home/cloudera/skyqu/MapReduce-assignments/assignment2/lib"></property>
    <property name="ivy.conf.url" value="file:/home/cloudera/skyqu/MapReduce-assignments/assignment2/ivy/ivysettings.xml"></property>
    <property name="java.vm.name.ivy.instance" value="Java HotSpot(TM) 64-Bit Server VM"></property>
    <property name="os.version.ivy.instance" value="2.6.32-220.23.1.el6.x86_64"></property>
    <property name="line.separator.ivy.instance" value="
"></property>
    <property name="ant.java.version" value="1.6"></property>
    <property name="sun.cpu.endian.ivy.instance" value="little"></property>
    <property name="java.vm.specification.name.ivy.instance" value="Java Virtual Machine Specification"></property>
    <property name="basedir" value="/home/cloudera/skyqu/MapReduce-assignments/assignment2"></property>
    <property name="java.class.version" value="50.0"></property>
    <property name="ivy.settings.url.ivy.instance" value="file:/home/cloudera/skyqu/MapReduce-assignments/assignment2/ivy/ivysettings.xml"></property>
    <property name="path.separator.ivy.instance" value=":"></property>
    <property name="sun.boot.class.path.ivy.instance" value="/usr/java/jdk1.6.0_31/jre/lib/resources.jar:/usr/java/jdk1.6.0_31/jre/lib/rt.jar:/usr/java/jdk1.6.0_31/jre/lib/sunrsasign.jar:/usr/java/jdk1.6.0_31/jre/lib/jsse.jar:/usr/java/jdk1.6.0_31/jre/lib/jce.jar:/usr/java/jdk1.6.0_31/jre/lib/charsets.jar:/usr/java/jdk1.6.0_31/jre/lib/modules/jdk.boot.jar:/usr/java/jdk1.6.0_31/jre/classes"></property>
    <property name="ant.home" value="/usr/share/ant"></property>
    <property name="ivy.resolved.configurations" value="default"></property>
    <property name="ivy.deliver.ivy.pattern" value="/home/cloudera/skyqu/MapReduce-assignments/assignment2/distrib/[type]s/[artifact]-[revision](-[classifier]).[ext]"></property>
    <property name="sun.boot.library.path" value="/usr/java/jdk1.6.0_31/jre/lib/amd64"></property>
    <property name="build.dir" value="build"></property>
    <property name="ivy.default.always.check.exact.revision.ivy.instance" value="false"></property>
    <property name="java.library.path.ivy.instance" value="/usr/java/jdk1.6.0_31/jre/lib/amd64/server:/usr/java/jdk1.6.0_31/jre/lib/amd64:/usr/java/jdk1.6.0_31/jre/../lib/amd64:/usr/java/packages/lib/amd64:/usr/lib64:/lib64:/lib:/usr/lib"></property>
    <property name="ivy.basedir" value="/home/cloudera/skyqu/MapReduce-assignments/assignment2"></property>
    <property name="sun.management.compiler" value="HotSpot 64-Bit Tiered Compilers"></property>
    <property name="java.ext.dirs.ivy.instance" value="/usr/java/jdk1.6.0_31/jre/lib/ext:/usr/java/packages/lib/ext"></property>
    <property name="java.awt.graphicsenv" value="sun.awt.X11GraphicsEnvironment"></property>
    <property name="ivy.log.modules.in.use.ivy.instance" value="false"></property>
    <property name="platform" value="unix"></property>
    <property name="sun.os.patch.level.ivy.instance" value="unknown"></property>
    <property name="file.encoding.pkg.ivy.instance" value="sun.io"></property>
    <property name="ivy.resolver.default.check.modified" value="false"></property>
    <property name="ivy.settings.file.ivy.instance" value="/home/cloudera/skyqu/MapReduce-assignments/assignment2/ivy/ivysettings.xml"></property>
    <property name="ivy.nb.targets.copied" value="0"></property>
    <property name="ant.project.name" value="mapreduce-assignments"></property>
    <property name="java.vm.specification.version" value="1.0"></property>
    <property name="ivy.cache.dir.ivy.instance" value="/home/cloudera/.ivy2/cache"></property>
    <property name="ivy.status.ivy.instance" value="integration"></property>
    <property name="sun.cpu.isalist" value=""></property>
    <property name="file.separator.ivy.instance" value="/"></property>
    <property name="java.ext.dirs" value="/usr/java/jdk1.6.0_31/jre/lib/ext:/usr/java/packages/lib/ext"></property>
    <property name="ivy.deps.changed" value="false"></property>
    <property name="os.version" value="2.6.32-220.23.1.el6.x86_64"></property>
    <property name="user.home" value="/home/cloudera"></property>
    <property name="org.xml.sax.driver" value="org.apache.xerces.parsers.SAXParser"></property>
    <property name="sun.java.launcher.ivy.instance" value="SUN_STANDARD"></property>
    <property name="java.vm.vendor" value="Sun Microsystems Inc."></property>
    <property name="ivy.organisation" value="edu.umd"></property>
    <property name="user.dir" value="/home/cloudera/skyqu/MapReduce-assignments/assignment2"></property>
    <property name="ant.library.dir.ivy.instance" value="/usr/share/ant/lib"></property>
    <property name="java.vm.info.ivy.instance" value="mixed mode"></property>
    <property name="test.dir" value="/home/cloudera/skyqu/MapReduce-assignments/assignment2/test"></property>
    <property name="ivy.publish.src.artifacts.pattern" value="/home/cloudera/skyqu/MapReduce-assignments/assignment2/distrib/[type]s/[artifact]-[revision](-[classifier]).[ext]"></property>
    <property name="sun.java.command.ivy.instance" value="org.apache.tools.ant.launch.Launcher -cp  test"></property>
    <property name="ivy.distrib.dir" value="/home/cloudera/skyqu/MapReduce-assignments/assignment2/distrib"></property>
    <property name="sun.cpu.endian" value="little"></property>
    <property name="ivy.revision" value="0.0.1"></property>
    <property name="user.timezone.ivy.instance" value="America/New_York"></property>
    <property name="java.vm.version" value="20.6-b01"></property>
    <property name="ivy.default.ivy.user.dir" value="/home/cloudera/.ivy2"></property>
    <property name="java.class.path" value="/home/cloudera/skyqu/MapReduce-assignments/assignment2/lib/activation-1.1.jar:/home/cloudera/skyqu/MapReduce-assignments/assignment2/lib/ant-1.6.5.jar:/home/cloudera/skyqu/MapReduce-assignments/assignment2/lib/aopalliance-1.0.jar:/home/cloudera/skyqu/MapReduce-assignments/assignment2/lib/asm-3.2.jar:/home/cloudera/skyqu/MapReduce-assignments/assignment2/lib/avro-1.3.2.jar:/home/cloudera/skyqu/MapReduce-assignments/assignment2/lib/avro-1.7.1.cloudera.2.jar:/home/cloudera/skyqu/MapReduce-assignments/assignment2/lib/bliki-core-3.0.16.jar:/home/cloudera/skyqu/MapReduce-assignments/assignment2/lib/cglib-2.2.1-v20090111.jar:/home/cloudera/skyqu/MapReduce-assignments/assignment2/lib/cloud9-1.4.7.jar:/home/cloudera/skyqu/MapReduce-assignments/assignment2/lib/collections-generic-4.01.jar:/home/cloudera/skyqu/MapReduce-assignments/assignment2/lib/colt-1.2.0.jar:/home/cloudera/skyqu/MapReduce-assignments/assignment2/lib/commons-beanutils-1.7.0.jar:/home/cloudera/skyqu/MapReduce-assignments/assignment2/lib/commons-beanutils-core-1.8.0.jar:/home/cloudera/skyqu/MapReduce-assignments/assignment2/lib/commons-cli-1.2.jar:/home/cloudera/skyqu/MapReduce-assignments/assignment2/lib/commons-codec-1.4.jar:/home/cloudera/skyqu/MapReduce-assignments/assignment2/lib/commons-collections-3.2.1.jar:/home/cloudera/skyqu/MapReduce-assignments/assignment2/lib/commons-compress-1.0.jar:/home/cloudera/skyqu/MapReduce-assignments/assignment2/lib/commons-configuration-1.6.jar:/home/cloudera/skyqu/MapReduce-assignments/assignment2/lib/commons-daemon-1.0.9.jar:/home/cloudera/skyqu/MapReduce-assignments/assignment2/lib/commons-digester-1.8.jar:/home/cloudera/skyqu/MapReduce-assignments/assignment2/lib/commons-el-1.0.jar:/home/cloudera/skyqu/MapReduce-assignments/assignment2/lib/commons-httpclient-3.1.jar:/home/cloudera/skyqu/MapReduce-assignments/assignment2/lib/commons-io-2.1.jar:/home/cloudera/skyqu/MapReduce-assignments/assignment2/lib/commons-lang-2.6.jar:/home/cloudera/skyqu/MapReduce-assignments/assignment2/lib/commons-logging-1.1.1.jar:/home/cloudera/skyqu/MapReduce-assignments/assignment2/lib/commons-math-2.1.jar:/home/cloudera/skyqu/MapReduce-assignments/assignment2/lib/commons-net-3.1.jar:/home/cloudera/skyqu/MapReduce-assignments/assignment2/lib/concurrent-1.3.4.jar:/home/cloudera/skyqu/MapReduce-assignments/assignment2/lib/core-3.1.1.jar:/home/cloudera/skyqu/MapReduce-assignments/assignment2/lib/gson-2.2.2.jar:/home/cloudera/skyqu/MapReduce-assignments/assignment2/lib/guava-13.0.1.jar:/home/cloudera/skyqu/MapReduce-assignments/assignment2/lib/guice-3.0.jar:/home/cloudera/skyqu/MapReduce-assignments/assignment2/lib/guice-servlet-3.0.jar:/home/cloudera/skyqu/MapReduce-assignments/assignment2/lib/hadoop-annotations-2.0.0-cdh4.1.2.jar:/home/cloudera/skyqu/MapReduce-assignments/assignment2/lib/hadoop-auth-2.0.0-cdh4.1.2.jar:/home/cloudera/skyqu/MapReduce-assignments/assignment2/lib/hadoop-common-2.0.0-cdh4.1.2.jar:/home/cloudera/skyqu/MapReduce-assignments/assignment2/lib/hadoop-hdfs-2.0.0-cdh4.1.2.jar:/home/cloudera/skyqu/MapReduce-assignments/assignment2/lib/hadoop-mapreduce-client-core-2.0.0-cdh4.1.2.jar:/home/cloudera/skyqu/MapReduce-assignments/assignment2/lib/hadoop-streaming-2.0.0-cdh4.1.2.jar:/home/cloudera/skyqu/MapReduce-assignments/assignment2/lib/hadoop-yarn-api-2.0.0-cdh4.1.2.jar:/home/cloudera/skyqu/MapReduce-assignments/assignment2/lib/hadoop-yarn-common-2.0.0-cdh4.1.2.jar:/home/cloudera/skyqu/MapReduce-assignments/assignment2/lib/hadoop-yarn-server-common-2.0.0-cdh4.1.2.jar:/home/cloudera/skyqu/MapReduce-assignments/assignment2/lib/hadoop-yarn-server-nodemanager-2.0.0-cdh4.1.2.jar:/home/cloudera/skyqu/MapReduce-assignments/assignment2/lib/hadoop-yarn-server-resourcemanager-2.0.0-cdh4.1.2.jar:/home/cloudera/skyqu/MapReduce-assignments/assignment2/lib/hadoop-yarn-server-web-proxy-2.0.0-cdh4.1.2.jar:/home/cloudera/skyqu/MapReduce-assignments/assignment2/lib/hamcrest-core-1.3.jar:/home/cloudera/skyqu/MapReduce-assignments/assignment2/lib/hsqldb-1.8.0.10.jar:/home/cloudera/skyqu/MapReduce-assignments/assignment2/lib/htmlparser-1.6.jar:/home/cloudera/skyqu/MapReduce-assignments/assignment2/lib/jackson-core-asl-1.8.8.jar:/home/cloudera/skyqu/MapReduce-assignments/assignment2/lib/jackson-jaxrs-1.8.8.jar:/home/cloudera/skyqu/MapReduce-assignments/assignment2/lib/jackson-mapper-asl-1.8.8.jar:/home/cloudera/skyqu/MapReduce-assignments/assignment2/lib/jackson-xc-1.8.8.jar:/home/cloudera/skyqu/MapReduce-assignments/assignment2/lib/jasper-compiler-5.5.12.jar:/home/cloudera/skyqu/MapReduce-assignments/assignment2/lib/jasper-runtime-5.5.23.jar:/home/cloudera/skyqu/MapReduce-assignments/assignment2/lib/javax.inject-1.jar:/home/cloudera/skyqu/MapReduce-assignments/assignment2/lib/jaxb-api-2.2.2.jar:/home/cloudera/skyqu/MapReduce-assignments/assignment2/lib/jaxb-impl-2.2.3-1.jar:/home/cloudera/skyqu/MapReduce-assignments/assignment2/lib/jersey-core-1.8.jar:/home/cloudera/skyqu/MapReduce-assignments/assignment2/lib/jersey-guice-1.8.jar:/home/cloudera/skyqu/MapReduce-assignments/assignment2/lib/jersey-json-1.8.jar:/home/cloudera/skyqu/MapReduce-assignments/assignment2/lib/jersey-server-1.8.jar:/home/cloudera/skyqu/MapReduce-assignments/assignment2/lib/jersey-test-framework-grizzly2-1.8.jar:/home/cloudera/skyqu/MapReduce-assignments/assignment2/lib/jets3t-0.7.1.jar:/home/cloudera/skyqu/MapReduce-assignments/assignment2/lib/jettison-1.1.jar:/home/cloudera/skyqu/MapReduce-assignments/assignment2/lib/jetty-6.1.26.jar:/home/cloudera/skyqu/MapReduce-assignments/assignment2/lib/jetty-util-6.1.26.jar:/home/cloudera/skyqu/MapReduce-assignments/assignment2/lib/jsch-0.1.42.jar:/home/cloudera/skyqu/MapReduce-assignments/assignment2/lib/jsp-2.1-6.1.14.jar:/home/cloudera/skyqu/MapReduce-assignments/assignment2/lib/jsp-api-2.1-6.1.14.jar:/home/cloudera/skyqu/MapReduce-assignments/assignment2/lib/jsp-api-2.1.jar:/home/cloudera/skyqu/MapReduce-assignments/assignment2/lib/jung-algorithms-2.0.1.jar:/home/cloudera/skyqu/MapReduce-assignments/assignment2/lib/jung-api-2.0.1.jar:/home/cloudera/skyqu/MapReduce-assignments/assignment2/lib/jung-graph-impl-2.0.1.jar:/home/cloudera/skyqu/MapReduce-assignments/assignment2/lib/junit-4.11.jar:/home/cloudera/skyqu/MapReduce-assignments/assignment2/lib/jwnl-1.3.3.jar:/home/cloudera/skyqu/MapReduce-assignments/assignment2/lib/kfs-0.3.jar:/home/cloudera/skyqu/MapReduce-assignments/assignment2/lib/log4j-1.2.16.jar:/home/cloudera/skyqu/MapReduce-assignments/assignment2/lib/maxent-3.0.0.jar:/home/cloudera/skyqu/MapReduce-assignments/assignment2/lib/mockito-all-1.8.5.jar:/home/cloudera/skyqu/MapReduce-assignments/assignment2/lib/mrunit-0.8.0-incubating.jar:/home/cloudera/skyqu/MapReduce-assignments/assignment2/lib/netty-3.2.4.Final.jar:/home/cloudera/skyqu/MapReduce-assignments/assignment2/lib/oro-2.0.8.jar:/home/cloudera/skyqu/MapReduce-assignments/assignment2/lib/paranamer-2.3.jar:/home/cloudera/skyqu/MapReduce-assignments/assignment2/lib/paranamer-ant-2.2.jar:/home/cloudera/skyqu/MapReduce-assignments/assignment2/lib/paranamer-generator-2.2.jar:/home/cloudera/skyqu/MapReduce-assignments/assignment2/lib/pcj-1.2.jar:/home/cloudera/skyqu/MapReduce-assignments/assignment2/lib/pig-0.10.0.jar:/home/cloudera/skyqu/MapReduce-assignments/assignment2/lib/protobuf-java-2.4.0a.jar:/home/cloudera/skyqu/MapReduce-assignments/assignment2/lib/qdox-1.10.1.jar:/home/cloudera/skyqu/MapReduce-assignments/assignment2/lib/servlet-api-2.5-20081211.jar:/home/cloudera/skyqu/MapReduce-assignments/assignment2/lib/servlet-api-2.5-6.1.14.jar:/home/cloudera/skyqu/MapReduce-assignments/assignment2/lib/servlet-api-2.5.jar:/home/cloudera/skyqu/MapReduce-assignments/assignment2/lib/slf4j-api-1.6.1.jar:/home/cloudera/skyqu/MapReduce-assignments/assignment2/lib/slf4j-log4j12-1.6.1.jar:/home/cloudera/skyqu/MapReduce-assignments/assignment2/lib/snappy-java-1.0.4.1.jar:/home/cloudera/skyqu/MapReduce-assignments/assignment2/lib/stax-api-1.0.1.jar:/home/cloudera/skyqu/MapReduce-assignments/assignment2/lib/tools-1.5.0.jar:/home/cloudera/skyqu/MapReduce-assignments/assignment2/lib/xmlenc-0.52.jar:/home/cloudera/skyqu/MapReduce-assignments/assignment2/dist/mapreduce-assignment-0.0.1.jar:/usr/share/java/junit-3.8.2.jar:/usr/share/java/ant-launcher-1.7.1.jar:/usr/share/java/ant-1.7.1.jar:/usr/share/java/ant/ant-junit-1.7.1.jar"></property>
    <property name="user.home.ivy.instance" value="/home/cloudera"></property>
    <property name="DSTAMP" value="20130206"></property>
    <property name="basedir.ivy.instance" value="/home/cloudera/skyqu/MapReduce-assignments/assignment2"></property>
    <property name="ant.file.mapreduce-assignments" value="/home/cloudera/skyqu/MapReduce-assignments/assignment2/build.xml"></property>
    <property name="ant.library.dir" value="/usr/share/ant/lib"></property>
    <property name="os.arch" value="amd64"></property>
    <property name="ivy.jar.dir" value="/home/cloudera/skyqu/MapReduce-assignments/assignment2/ivy"></property>
    <property name="ivy.conf.file" value="/home/cloudera/skyqu/MapReduce-assignments/assignment2/ivy/ivysettings.xml"></property>
    <property name="java.awt.graphicsenv.ivy.instance" value="sun.awt.X11GraphicsEnvironment"></property>
    <property name="java.vendor.url.bug.ivy.instance" value="http://java.sun.com/cgi-bin/bugreport.cgi"></property>
    <property name="java.vm.specification.version.ivy.instance" value="1.0"></property>
    <property name="dist.dir" value="dist"></property>
    <property name="sun.java.launcher" value="SUN_STANDARD"></property>
    <property name="java.awt.printerjob.ivy.instance" value="sun.print.PSPrinterJob"></property>
    <property name="ivy.settings.dir.ivy.instance" value="/home/cloudera/skyqu/MapReduce-assignments/assignment2/ivy"></property>
    <property name="ivy.resolver.default.check.modified.ivy.instance" value="false"></property>
    <property name="ant.core.lib" value="/usr/share/java/ant-1.7.1.jar"></property>
    <property name="java.vm.specification.vendor" value="Sun Microsystems Inc."></property>
    <property name="ivy.settings.dir" value="/home/cloudera/skyqu/MapReduce-assignments/assignment2/ivy"></property>
    <property name="TSTAMP" value="1654"></property>
    <property name="file.separator" value="/"></property>
    <property name="user.language.ivy.instance" value="en"></property>
    <property name="user.country.ivy.instance" value="US"></property>
    <property name="ivy.conf.url.ivy.instance" value="file:/home/cloudera/skyqu/MapReduce-assignments/assignment2/ivy/ivysettings.xml"></property>
    <property name="java.runtime.version" value="1.6.0_31-b04"></property>
    <property name="java.specification.name.ivy.instance" value="Java Platform API Specification"></property>
    <property name="sun.boot.class.path" value="/usr/java/jdk1.6.0_31/jre/lib/resources.jar:/usr/java/jdk1.6.0_31/jre/lib/rt.jar:/usr/java/jdk1.6.0_31/jre/lib/sunrsasign.jar:/usr/java/jdk1.6.0_31/jre/lib/jsse.jar:/usr/java/jdk1.6.0_31/jre/lib/jce.jar:/usr/java/jdk1.6.0_31/jre/lib/charsets.jar:/usr/java/jdk1.6.0_31/jre/lib/modules/jdk.boot.jar:/usr/java/jdk1.6.0_31/jre/classes"></property>
    <property name="ivy.conf.dir" value="/home/cloudera/skyqu/MapReduce-assignments/assignment2/ivy"></property>
    <property name="ivy.retrieve.pattern" value="/home/cloudera/skyqu/MapReduce-assignments/assignment2/lib/[artifact]-[revision](-[classifier]).[ext]"></property>
    <property name="user.country" value="US"></property>
    <property name="java.version.ivy.instance" value="1.6.0_31"></property>
    <property name="ivy.resolved.file" value="/home/cloudera/skyqu/MapReduce-assignments/assignment2/ivy/ivy.xml"></property>
    <property name="os.arch.ivy.instance" value="amd64"></property>
    <property name="java.vendor" value="Sun Microsystems Inc."></property>
    <property name="ivy.project.dir" value="/home/cloudera/skyqu/MapReduce-assignments/assignment2"></property>
    <property name="java.specification.version" value="1.6"></property>
    <property name="ivy.buildlist.ivyfilepath" value="ivy.xml"></property>
    <property name="sun.arch.data.model" value="64"></property>
  </properties>
  <testcase classname="SampleTest" name="test1" time="0.0020"></testcase>
  <system-out><![CDATA[]]></system-out>
  <system-err><![CDATA[]]></system-err>
</testsuite>
